<?xml version="1.0" encoding="UTF-8"?>
<testsuite xmlns:xsi="http://www.w3.org/2001/XMLSchema-instance" xsi:noNamespaceSchemaLocation="https://maven.apache.org/surefire/maven-surefire-plugin/xsd/surefire-test-report-3.0.xsd" version="3.0" name="com.example.ToDoListApplicationTests" time="18.627" tests="1" errors="0" skipped="0" failures="0">
  <properties>
[...]
</properties>
  <testcase name="contextLoads" classname="com.example.ToDoListApplicationTests" time="2.171">
    <system-out><![CDATA[13:54:34.299 [main] INFO org.springframework.test.context.support.AnnotationConfigContextLoaderUtils -- Could not detect default configuration classes for test class [com.example.ToDoListApplicationTests]: ToDoListApplicationTests does not declare any static, non-private, non-final, nested classes annotated with @Configuration.
13:54:34.607 [main] INFO org.springframework.boot.test.context.SpringBootTestContextBootstrapper -- Found @SpringBootConfiguration com.example.ToDoListApplication for test class com.example.ToDoListApplicationTests

  .   ____          _            __ _ _
 /\\ / ___'_ __ _ _(_)_ __  __ _ \ \ \ \
( ( )\___ | '_ | '_| | '_ \/ _` | \ \ \ \
 \\/  ___)| |_)| | | | | || (_| |  ) ) ) )
  '  |____| .__|_| |_|_| |_\__, | / / / /
 =========|_|==============|___/=/_/_/_/
 :: Spring Boot ::                (v3.2.3)

2024-02-24T13:54:35.870+05:30  INFO 9148 --- [           main] com.example.ToDoListApplicationTests     : Starting ToDoListApplicationTests using Java 17.0.5 with PID 9148 (started by HP in C:\Users\HP\OneDrive\Desktop\Pawan\PawanBoot\ToDoList)
2024-02-24T13:54:35.878+05:30  INFO 9148 --- [           main] com.example.ToDoListApplicationTests     : No active profile set, falling back to 1 default profile: "default"
2024-02-24T13:54:39.109+05:30  INFO 9148 --- [           main] .s.d.r.c.RepositoryConfigurationDelegate : Bootstrapping Spring Data JPA repositories in DEFAULT mode.
2024-02-24T13:54:39.480+05:30  INFO 9148 --- [           main] .s.d.r.c.RepositoryConfigurationDelegate : Finished Spring Data repository scanning in 331 ms. Found 2 JPA repository interfaces.
2024-02-24T13:54:41.205+05:30  INFO 9148 --- [           main] o.hibernate.jpa.internal.util.LogHelper  : HHH000204: Processing PersistenceUnitInfo [name: default]
2024-02-24T13:54:41.668+05:30  INFO 9148 --- [           main] org.hibernate.Version                    : HHH000412: Hibernate ORM core version 6.4.4.Final
2024-02-24T13:54:41.888+05:30  INFO 9148 --- [           main] o.h.c.internal.RegionFactoryInitiator    : HHH000026: Second-level cache disabled
2024-02-24T13:54:42.951+05:30  INFO 9148 --- [           main] o.s.o.j.p.SpringPersistenceUnitInfo      : No LoadTimeWeaver setup: ignoring JPA class transformer
2024-02-24T13:54:43.032+05:30  INFO 9148 --- [           main] com.zaxxer.hikari.HikariDataSource       : HikariPool-1 - Starting...
2024-02-24T13:54:43.629+05:30  INFO 9148 --- [           main] com.zaxxer.hikari.pool.HikariPool        : HikariPool-1 - Added connection conn0: url=jdbc:h2:mem:testdb user=SA
2024-02-24T13:54:43.631+05:30  INFO 9148 --- [           main] com.zaxxer.hikari.HikariDataSource       : HikariPool-1 - Start completed.
2024-02-24T13:54:43.678+05:30  WARN 9148 --- [           main] org.hibernate.orm.deprecation            : HHH90000025: H2Dialect does not need to be specified explicitly using 'hibernate.dialect' (remove the property setting and it will be selected by default)
2024-02-24T13:54:46.437+05:30  INFO 9148 --- [           main] o.h.e.t.j.p.i.JtaPlatformInitiator       : HHH000489: No JTA platform available (set 'hibernate.transaction.jta.platform' to enable JTA platform integration)
2024-02-24T13:54:46.569+05:30 DEBUG 9148 --- [           main] org.hibernate.SQL                        : create table todo_list_entity (email varchar(255) not null, dob varchar(255), first_name varchar(255), gender varchar(255), last_name varchar(255), password varchar(255), primary key (email))
2024-02-24T13:54:46.597+05:30 DEBUG 9148 --- [           main] org.hibernate.SQL                        : create table todo_note (sno integer not null, email varchar(255), note varchar(255), primary key (sno))
2024-02-24T13:54:46.612+05:30 DEBUG 9148 --- [           main] org.hibernate.SQL                        : create sequence todo_note_seq start with 1 increment by 50
2024-02-24T13:54:46.626+05:30  INFO 9148 --- [           main] j.LocalContainerEntityManagerFactoryBean : Initialized JPA EntityManagerFactory for persistence unit 'default'
2024-02-24T13:54:49.338+05:30  WARN 9148 --- [           main] JpaBaseConfiguration$JpaWebConfiguration : spring.jpa.open-in-view is enabled by default. Therefore, database queries may be performed during view rendering. Explicitly configure spring.jpa.open-in-view to disable this warning
2024-02-24T13:54:49.397+05:30  INFO 9148 --- [           main] o.s.b.a.w.s.WelcomePageHandlerMapping    : Adding welcome page template: index
2024-02-24T13:54:49.947+05:30  INFO 9148 --- [           main] o.s.b.a.h2.H2ConsoleAutoConfiguration    : H2 console available at '/h2'. Database available at 'jdbc:h2:mem:testdb'
2024-02-24T13:54:50.177+05:30  INFO 9148 --- [           main] com.example.ToDoListApplicationTests     : Started ToDoListApplicationTests in 15.089 seconds (process running for 18.265)
]]></system-out>
  </testcase>
</testsuite>